<?xml version="1.0" encoding="utf-8"?><testsuites><testsuite errors="0" failures="0" hostname="DESKTOP-89V2DTP" name="pytest" skipped="0" tests="3" time="38.246" timestamp="2020-04-27T22:11:34.897490"><testcase classname="test_e2e.TestOne" file="test_e2e.py" line="7" name="test_e2e" time="23.617"></testcase><testcase classname="test_homepage.TestHomePage" file="test_homepage.py" line="10" name="test_formsubmission[getData0]" time="14.109"></testcase><testcase classname="test_homepage.TestHomePage" file="test_homepage.py" line="10" name="test_formsubmission[getData1]" time="0.460"></testcase></testsuite></testsuites>